[2022-05-07 13:20:34Z INFO HostContext] No proxy settings were found based on environmental variables (http_proxy/https_proxy/HTTP_PROXY/HTTPS_PROXY)
[2022-05-07 13:20:34Z INFO HostContext] Well known directory 'Bin': '/Users/mac/Desktop/workspace/github/x-cmd/action_test/actions-runner/bin'
[2022-05-07 13:20:34Z INFO HostContext] Well known directory 'Root': '/Users/mac/Desktop/workspace/github/x-cmd/action_test/actions-runner'
[2022-05-07 13:20:34Z INFO HostContext] Well known config file 'Credentials': '/Users/mac/Desktop/workspace/github/x-cmd/action_test/actions-runner/.credentials'
[2022-05-07 13:20:34Z INFO HostContext] Well known directory 'Bin': '/Users/mac/Desktop/workspace/github/x-cmd/action_test/actions-runner/bin'
[2022-05-07 13:20:34Z INFO HostContext] Well known directory 'Root': '/Users/mac/Desktop/workspace/github/x-cmd/action_test/actions-runner'
[2022-05-07 13:20:34Z INFO HostContext] Well known config file 'Runner': '/Users/mac/Desktop/workspace/github/x-cmd/action_test/actions-runner/.runner'
[2022-05-07 13:20:34Z INFO Listener] Runner is built for OSX (X64) - osx-x64.
[2022-05-07 13:20:34Z INFO Listener] RuntimeInformation: Darwin 21.4.0 Darwin Kernel Version 21.4.0: Fri Mar 18 00:45:05 PDT 2022; root:xnu-8020.101.4~15/RELEASE_X86_64.
[2022-05-07 13:20:34Z INFO Listener] Version: 2.291.1
[2022-05-07 13:20:34Z INFO Listener] Commit: 496ec0df97891bd8e50f4431d01874ac3ab75a93
[2022-05-07 13:20:34Z INFO Listener] Culture: zh-CN
[2022-05-07 13:20:34Z INFO Listener] UI Culture: zh-CN
[2022-05-07 13:20:34Z INFO HostContext] Well known directory 'Bin': '/Users/mac/Desktop/workspace/github/x-cmd/action_test/actions-runner/bin'
[2022-05-07 13:20:34Z INFO HostContext] Well known directory 'Root': '/Users/mac/Desktop/workspace/github/x-cmd/action_test/actions-runner'
[2022-05-07 13:20:34Z INFO Listener] Validating directory permissions for: '/Users/mac/Desktop/workspace/github/x-cmd/action_test/actions-runner'
[2022-05-07 13:20:34Z INFO CommandLineParser] Parse
[2022-05-07 13:20:34Z INFO CommandLineParser] Parsing 1 args
[2022-05-07 13:20:34Z INFO CommandLineParser] parsing argument
[2022-05-07 13:20:34Z INFO CommandLineParser] HasArgs: False
[2022-05-07 13:20:34Z INFO CommandLineParser] Adding Command: run
[2022-05-07 13:20:34Z INFO Listener] Arguments parsed
[2022-05-07 13:20:34Z INFO Runner] ExecuteCommand
[2022-05-07 13:20:34Z INFO ConfigurationStore] currentAssemblyLocation: /Users/mac/Desktop/workspace/github/x-cmd/action_test/actions-runner/bin/Runner.Listener.dll
[2022-05-07 13:20:34Z INFO HostContext] Well known directory 'Bin': '/Users/mac/Desktop/workspace/github/x-cmd/action_test/actions-runner/bin'
[2022-05-07 13:20:34Z INFO ConfigurationStore] binPath: /Users/mac/Desktop/workspace/github/x-cmd/action_test/actions-runner/bin
[2022-05-07 13:20:34Z INFO HostContext] Well known directory 'Bin': '/Users/mac/Desktop/workspace/github/x-cmd/action_test/actions-runner/bin'
[2022-05-07 13:20:34Z INFO HostContext] Well known directory 'Root': '/Users/mac/Desktop/workspace/github/x-cmd/action_test/actions-runner'
[2022-05-07 13:20:34Z INFO ConfigurationStore] RootFolder: /Users/mac/Desktop/workspace/github/x-cmd/action_test/actions-runner
[2022-05-07 13:20:34Z INFO HostContext] Well known directory 'Bin': '/Users/mac/Desktop/workspace/github/x-cmd/action_test/actions-runner/bin'
[2022-05-07 13:20:34Z INFO HostContext] Well known directory 'Root': '/Users/mac/Desktop/workspace/github/x-cmd/action_test/actions-runner'
[2022-05-07 13:20:34Z INFO HostContext] Well known config file 'Runner': '/Users/mac/Desktop/workspace/github/x-cmd/action_test/actions-runner/.runner'
[2022-05-07 13:20:34Z INFO ConfigurationStore] ConfigFilePath: /Users/mac/Desktop/workspace/github/x-cmd/action_test/actions-runner/.runner
[2022-05-07 13:20:34Z INFO HostContext] Well known directory 'Bin': '/Users/mac/Desktop/workspace/github/x-cmd/action_test/actions-runner/bin'
[2022-05-07 13:20:34Z INFO HostContext] Well known directory 'Root': '/Users/mac/Desktop/workspace/github/x-cmd/action_test/actions-runner'
[2022-05-07 13:20:34Z INFO HostContext] Well known config file 'Credentials': '/Users/mac/Desktop/workspace/github/x-cmd/action_test/actions-runner/.credentials'
[2022-05-07 13:20:34Z INFO ConfigurationStore] CredFilePath: /Users/mac/Desktop/workspace/github/x-cmd/action_test/actions-runner/.credentials
[2022-05-07 13:20:34Z INFO HostContext] Well known directory 'Bin': '/Users/mac/Desktop/workspace/github/x-cmd/action_test/actions-runner/bin'
[2022-05-07 13:20:34Z INFO HostContext] Well known directory 'Root': '/Users/mac/Desktop/workspace/github/x-cmd/action_test/actions-runner'
[2022-05-07 13:20:34Z INFO HostContext] Well known config file 'MigratedCredentials': '/Users/mac/Desktop/workspace/github/x-cmd/action_test/actions-runner/.credentials_migrated'
[2022-05-07 13:20:34Z INFO ConfigurationStore] MigratedCredFilePath: /Users/mac/Desktop/workspace/github/x-cmd/action_test/actions-runner/.credentials_migrated
[2022-05-07 13:20:34Z INFO HostContext] Well known directory 'Bin': '/Users/mac/Desktop/workspace/github/x-cmd/action_test/actions-runner/bin'
[2022-05-07 13:20:34Z INFO HostContext] Well known directory 'Root': '/Users/mac/Desktop/workspace/github/x-cmd/action_test/actions-runner'
[2022-05-07 13:20:34Z INFO HostContext] Well known config file 'Service': '/Users/mac/Desktop/workspace/github/x-cmd/action_test/actions-runner/.service'
[2022-05-07 13:20:34Z INFO ConfigurationStore] ServiceConfigFilePath: /Users/mac/Desktop/workspace/github/x-cmd/action_test/actions-runner/.service
[2022-05-07 13:20:34Z INFO CommandSettings] Flag 'help': 'False'
[2022-05-07 13:20:34Z INFO CommandSettings] Flag 'version': 'False'
[2022-05-07 13:20:34Z INFO CommandSettings] Flag 'commit': 'False'
[2022-05-07 13:20:34Z INFO CommandSettings] Flag 'check': 'False'
[2022-05-07 13:20:34Z INFO CommandSettings] Command 'configure': 'False'
[2022-05-07 13:20:34Z INFO CommandSettings] Command 'remove': 'False'
[2022-05-07 13:20:34Z INFO CommandSettings] Command 'warmup': 'False'
[2022-05-07 13:20:34Z INFO ConfigurationManager] LoadSettings
[2022-05-07 13:20:34Z INFO ConfigurationStore] IsConfigured()
[2022-05-07 13:20:34Z INFO ConfigurationStore] IsConfigured: True
[2022-05-07 13:20:34Z INFO ConfigurationManager] Is configured: True
[2022-05-07 13:20:34Z INFO ConfigurationStore] Read setting file: 287 chars
[2022-05-07 13:20:34Z INFO ConfigurationManager] Settings Loaded
[2022-05-07 13:20:34Z INFO ConfigurationStore] IsServiceConfigured()
[2022-05-07 13:20:34Z INFO ConfigurationStore] IsServiceConfigured: False
[2022-05-07 13:20:34Z INFO CommandSettings] Command 'run': 'True'
[2022-05-07 13:20:34Z INFO ConfigurationStore] IsConfigured()
[2022-05-07 13:20:34Z INFO ConfigurationStore] IsConfigured: True
[2022-05-07 13:20:34Z INFO ConfigurationManager] Is configured: True
[2022-05-07 13:20:34Z INFO Runner] Could not parse the argument value '' for StartupType. Defaulting to Manual
[2022-05-07 13:20:34Z INFO Runner] Set runner startup type - Manual
[2022-05-07 13:20:34Z INFO CommandSettings] Flag 'once': 'False'
[2022-05-07 13:20:34Z INFO CommandSettings] Flag 'once': 'False'
[2022-05-07 13:20:34Z INFO Runner] RunAsync
[2022-05-07 13:20:34Z INFO ConfigurationManager] LoadSettings
[2022-05-07 13:20:34Z INFO ConfigurationStore] IsConfigured()
[2022-05-07 13:20:34Z INFO ConfigurationStore] IsConfigured: True
[2022-05-07 13:20:34Z INFO ConfigurationManager] Is configured: True
[2022-05-07 13:20:34Z INFO ConfigurationManager] Settings Loaded
[2022-05-07 13:20:34Z INFO MessageListener] {
  "AgentId": 23,
  "AgentName": "Bigrice",
  "PoolId": 1,
  "PoolName": "Default",
  "ServerUrl": "https://pipelines.actions.githubusercontent.com/mQ9csQFxXtUrmwyE8dljESGjJbXaDQCNJ8R7pzCeO9WD1osUea",
  "GitHubUrl": "https://github.com/jerry8hero/action_test",
  "WorkFolder": "_work"
}
[2022-05-07 13:20:34Z INFO MessageListener] Loading Credentials
[2022-05-07 13:20:34Z INFO ConfigurationStore] HasCredentials()
[2022-05-07 13:20:34Z INFO ConfigurationStore] stored True
[2022-05-07 13:20:34Z INFO CredentialManager] GetCredentialProvider
[2022-05-07 13:20:34Z INFO CredentialManager] Creating type OAuth
[2022-05-07 13:20:34Z INFO CredentialManager] Creating credential type: OAuth
[2022-05-07 13:20:34Z INFO HostContext] Well known directory 'Bin': '/Users/mac/Desktop/workspace/github/x-cmd/action_test/actions-runner/bin'
[2022-05-07 13:20:34Z INFO HostContext] Well known directory 'Root': '/Users/mac/Desktop/workspace/github/x-cmd/action_test/actions-runner'
[2022-05-07 13:20:34Z INFO HostContext] Well known config file 'RSACredentials': '/Users/mac/Desktop/workspace/github/x-cmd/action_test/actions-runner/.credentials_rsaparams'
[2022-05-07 13:20:34Z INFO RSAFileKeyManager] Loading RSA key parameters from file /Users/mac/Desktop/workspace/github/x-cmd/action_test/actions-runner/.credentials_rsaparams
[2022-05-07 13:20:34Z INFO MessageListener] Attempt to create session.
[2022-05-07 13:20:34Z INFO MessageListener] Connecting to the Runner Server...
[2022-05-07 13:20:34Z INFO RunnerServer] Establish connection with 100 seconds timeout.
[2022-05-07 13:20:35Z INFO GitHubActionsService] Starting operation Location.GetConnectionData
[2022-05-07 13:20:35Z INFO RunnerServer] Establish connection with 60 seconds timeout.
[2022-05-07 13:20:35Z INFO GitHubActionsService] Starting operation Location.GetConnectionData
[2022-05-07 13:20:35Z INFO RunnerServer] Establish connection with 60 seconds timeout.
[2022-05-07 13:20:35Z INFO GitHubActionsService] Starting operation Location.GetConnectionData
[2022-05-07 13:20:35Z INFO GitHubActionsService] Finished operation Location.GetConnectionData
[2022-05-07 13:20:36Z INFO GitHubActionsService] Finished operation Location.GetConnectionData
[2022-05-07 13:20:36Z INFO GitHubActionsService] Finished operation Location.GetConnectionData
[2022-05-07 13:20:36Z INFO MessageListener] VssConnection created
[2022-05-07 13:20:36Z INFO Terminal] WRITE LINE: 
[2022-05-07 13:20:36Z INFO Terminal] WRITE LINE: 
[2022-05-07 13:20:36Z WARN GitHubActionsService] Authentication failed with status code 401.
Transfer-Encoding: chunked
WWW-Authenticate: Bearer
Strict-Transport-Security: max-age=2592000
X-TFS-ProcessId: dca5ba49-1568-4ab1-9ce9-be4c7a6b118b
ActivityId: 96196933-465d-4a19-aae2-cc1e4199cedb
X-TFS-Session: 7823b347-0028-484b-8206-31776bcca765
X-VSS-E2EID: aedd689b-dd1d-40fe-aaf9-179b4655ab42
X-VSS-SenderDeploymentId: 63be6134-28d1-8c82-e969-91f4e88fcdec
X-TFS-ServiceError: The+user+%27System%3aPublicAccess%3baaaaaaaa-aaaa-aaaa-aaaa-aaaaaaaaaaaa%27+is+not+authorized+to+access+this+resource.
X-VSS-S2STargetService: 0000005A-0000-8888-8000-000000000000/visualstudio.com
X-Cache: CONFIG_NOCACHE
X-MSEdge-Ref: Ref A: 1F22F5F045244568B568F4973CFF43C5 Ref B: TYAEDGE0409 Ref C: 2022-05-07T13:20:36Z
Date: Sat, 07 May 2022 13:20:36 GMT

[2022-05-07 13:20:36Z INFO RSAFileKeyManager] Loading RSA key parameters from file /Users/mac/Desktop/workspace/github/x-cmd/action_test/actions-runner/.credentials_rsaparams
[2022-05-07 13:20:36Z INFO RSAFileKeyManager] Loading RSA key parameters from file /Users/mac/Desktop/workspace/github/x-cmd/action_test/actions-runner/.credentials_rsaparams
[2022-05-07 13:20:37Z INFO GitHubActionsService] AAD Correlation ID for this token request: Unknown
[2022-05-07 13:20:38Z INFO MessageListener] Session created.
[2022-05-07 13:20:38Z INFO Terminal] WRITE LINE: Current runner version: '2.291.1'
[2022-05-07 13:20:38Z INFO Terminal] WRITE LINE: 2022-05-07 13:20:38Z: Listening for Jobs
[2022-05-07 13:20:38Z INFO JobDispatcher] Set runner/worker IPC timeout to 30 seconds.
