[2022-05-07 13:19:21Z INFO HostContext] No proxy settings were found based on environmental variables (http_proxy/https_proxy/HTTP_PROXY/HTTPS_PROXY)
[2022-05-07 13:19:21Z INFO HostContext] Well known directory 'Bin': '/Users/mac/Desktop/workspace/github/x-cmd/action_test/actions-runner/bin'
[2022-05-07 13:19:21Z INFO HostContext] Well known directory 'Root': '/Users/mac/Desktop/workspace/github/x-cmd/action_test/actions-runner'
[2022-05-07 13:19:21Z INFO HostContext] Well known config file 'Credentials': '/Users/mac/Desktop/workspace/github/x-cmd/action_test/actions-runner/.credentials'
[2022-05-07 13:19:21Z INFO HostContext] Well known directory 'Bin': '/Users/mac/Desktop/workspace/github/x-cmd/action_test/actions-runner/bin'
[2022-05-07 13:19:21Z INFO HostContext] Well known directory 'Root': '/Users/mac/Desktop/workspace/github/x-cmd/action_test/actions-runner'
[2022-05-07 13:19:21Z INFO HostContext] Well known config file 'Runner': '/Users/mac/Desktop/workspace/github/x-cmd/action_test/actions-runner/.runner'
[2022-05-07 13:19:21Z INFO Listener] Runner is built for OSX (X64) - osx-x64.
[2022-05-07 13:19:21Z INFO Listener] RuntimeInformation: Darwin 21.4.0 Darwin Kernel Version 21.4.0: Fri Mar 18 00:45:05 PDT 2022; root:xnu-8020.101.4~15/RELEASE_X86_64.
[2022-05-07 13:19:21Z INFO Listener] Version: 2.291.1
[2022-05-07 13:19:21Z INFO Listener] Commit: 496ec0df97891bd8e50f4431d01874ac3ab75a93
[2022-05-07 13:19:21Z INFO Listener] Culture: zh-CN
[2022-05-07 13:19:21Z INFO Listener] UI Culture: zh-CN
[2022-05-07 13:19:21Z INFO HostContext] Well known directory 'Bin': '/Users/mac/Desktop/workspace/github/x-cmd/action_test/actions-runner/bin'
[2022-05-07 13:19:21Z INFO HostContext] Well known directory 'Root': '/Users/mac/Desktop/workspace/github/x-cmd/action_test/actions-runner'
[2022-05-07 13:19:21Z INFO Listener] Validating directory permissions for: '/Users/mac/Desktop/workspace/github/x-cmd/action_test/actions-runner'
[2022-05-07 13:19:21Z INFO CommandLineParser] Parse
[2022-05-07 13:19:21Z INFO CommandLineParser] Parsing 5 args
[2022-05-07 13:19:21Z INFO CommandLineParser] parsing argument
[2022-05-07 13:19:21Z INFO CommandLineParser] HasArgs: False
[2022-05-07 13:19:21Z INFO CommandLineParser] Adding Command: configure
[2022-05-07 13:19:21Z INFO CommandLineParser] parsing argument
[2022-05-07 13:19:21Z INFO CommandLineParser] HasArgs: True
[2022-05-07 13:19:21Z INFO CommandLineParser] arg: url
[2022-05-07 13:19:21Z INFO CommandLineParser] parsing argument
[2022-05-07 13:19:21Z INFO CommandLineParser] HasArgs: True
[2022-05-07 13:19:21Z INFO CommandLineParser] Adding option 'url': 'https://github.com/jerry8hero/action_test'
[2022-05-07 13:19:21Z INFO CommandLineParser] parsing argument
[2022-05-07 13:19:21Z INFO CommandLineParser] HasArgs: True
[2022-05-07 13:19:21Z INFO CommandLineParser] arg: token
[2022-05-07 13:19:21Z INFO CommandLineParser] parsing argument
[2022-05-07 13:19:21Z INFO CommandLineParser] HasArgs: True
[2022-05-07 13:19:21Z INFO CommandLineParser] Adding option 'token': '***'
[2022-05-07 13:19:21Z INFO Listener] Arguments parsed
[2022-05-07 13:19:22Z INFO Runner] ExecuteCommand
[2022-05-07 13:19:22Z INFO ConfigurationStore] currentAssemblyLocation: /Users/mac/Desktop/workspace/github/x-cmd/action_test/actions-runner/bin/Runner.Listener.dll
[2022-05-07 13:19:22Z INFO HostContext] Well known directory 'Bin': '/Users/mac/Desktop/workspace/github/x-cmd/action_test/actions-runner/bin'
[2022-05-07 13:19:22Z INFO ConfigurationStore] binPath: /Users/mac/Desktop/workspace/github/x-cmd/action_test/actions-runner/bin
[2022-05-07 13:19:22Z INFO HostContext] Well known directory 'Bin': '/Users/mac/Desktop/workspace/github/x-cmd/action_test/actions-runner/bin'
[2022-05-07 13:19:22Z INFO HostContext] Well known directory 'Root': '/Users/mac/Desktop/workspace/github/x-cmd/action_test/actions-runner'
[2022-05-07 13:19:22Z INFO ConfigurationStore] RootFolder: /Users/mac/Desktop/workspace/github/x-cmd/action_test/actions-runner
[2022-05-07 13:19:22Z INFO HostContext] Well known directory 'Bin': '/Users/mac/Desktop/workspace/github/x-cmd/action_test/actions-runner/bin'
[2022-05-07 13:19:22Z INFO HostContext] Well known directory 'Root': '/Users/mac/Desktop/workspace/github/x-cmd/action_test/actions-runner'
[2022-05-07 13:19:22Z INFO HostContext] Well known config file 'Runner': '/Users/mac/Desktop/workspace/github/x-cmd/action_test/actions-runner/.runner'
[2022-05-07 13:19:22Z INFO ConfigurationStore] ConfigFilePath: /Users/mac/Desktop/workspace/github/x-cmd/action_test/actions-runner/.runner
[2022-05-07 13:19:22Z INFO HostContext] Well known directory 'Bin': '/Users/mac/Desktop/workspace/github/x-cmd/action_test/actions-runner/bin'
[2022-05-07 13:19:22Z INFO HostContext] Well known directory 'Root': '/Users/mac/Desktop/workspace/github/x-cmd/action_test/actions-runner'
[2022-05-07 13:19:22Z INFO HostContext] Well known config file 'Credentials': '/Users/mac/Desktop/workspace/github/x-cmd/action_test/actions-runner/.credentials'
[2022-05-07 13:19:22Z INFO ConfigurationStore] CredFilePath: /Users/mac/Desktop/workspace/github/x-cmd/action_test/actions-runner/.credentials
[2022-05-07 13:19:22Z INFO HostContext] Well known directory 'Bin': '/Users/mac/Desktop/workspace/github/x-cmd/action_test/actions-runner/bin'
[2022-05-07 13:19:22Z INFO HostContext] Well known directory 'Root': '/Users/mac/Desktop/workspace/github/x-cmd/action_test/actions-runner'
[2022-05-07 13:19:22Z INFO HostContext] Well known config file 'MigratedCredentials': '/Users/mac/Desktop/workspace/github/x-cmd/action_test/actions-runner/.credentials_migrated'
[2022-05-07 13:19:22Z INFO ConfigurationStore] MigratedCredFilePath: /Users/mac/Desktop/workspace/github/x-cmd/action_test/actions-runner/.credentials_migrated
[2022-05-07 13:19:22Z INFO HostContext] Well known directory 'Bin': '/Users/mac/Desktop/workspace/github/x-cmd/action_test/actions-runner/bin'
[2022-05-07 13:19:22Z INFO HostContext] Well known directory 'Root': '/Users/mac/Desktop/workspace/github/x-cmd/action_test/actions-runner'
[2022-05-07 13:19:22Z INFO HostContext] Well known config file 'Service': '/Users/mac/Desktop/workspace/github/x-cmd/action_test/actions-runner/.service'
[2022-05-07 13:19:22Z INFO ConfigurationStore] ServiceConfigFilePath: /Users/mac/Desktop/workspace/github/x-cmd/action_test/actions-runner/.service
[2022-05-07 13:19:22Z INFO CommandSettings] Flag 'help': 'False'
[2022-05-07 13:19:22Z INFO CommandSettings] Flag 'version': 'False'
[2022-05-07 13:19:22Z INFO CommandSettings] Flag 'commit': 'False'
[2022-05-07 13:19:22Z INFO CommandSettings] Flag 'check': 'False'
[2022-05-07 13:19:22Z INFO CommandSettings] Command 'configure': 'True'
[2022-05-07 13:19:22Z INFO Terminal] WRITE LINE: 
[2022-05-07 13:19:22Z INFO Terminal] WRITE LINE: --------------------------------------------------------------------------------
[2022-05-07 13:19:22Z INFO Terminal] WRITE LINE: |        ____ _ _   _   _       _          _        _   _                      |
[2022-05-07 13:19:22Z INFO Terminal] WRITE LINE: |       / ___(_) |_| | | |_   _| |__      / \   ___| |_(_) ___  _ __  ___      |
[2022-05-07 13:19:22Z INFO Terminal] WRITE LINE: |      | |  _| | __| |_| | | | | '_ \    / _ \ / __| __| |/ _ \| '_ \/ __|     |
[2022-05-07 13:19:22Z INFO Terminal] WRITE LINE: |      | |_| | | |_|  _  | |_| | |_) |  / ___ \ (__| |_| | (_) | | | \__ \     |
[2022-05-07 13:19:22Z INFO Terminal] WRITE LINE: |       \____|_|\__|_| |_|\__,_|_.__/  /_/   \_\___|\__|_|\___/|_| |_|___/     |
[2022-05-07 13:19:22Z INFO Terminal] WRITE LINE: |                                                                              |
[2022-05-07 13:19:22Z INFO Terminal] WRITE: |                       
[2022-05-07 13:19:22Z INFO Terminal] WRITE: Self-hosted runner registration
[2022-05-07 13:19:22Z INFO Terminal] WRITE LINE:                         |
[2022-05-07 13:19:22Z INFO Terminal] WRITE LINE: |                                                                              |
[2022-05-07 13:19:22Z INFO Terminal] WRITE LINE: --------------------------------------------------------------------------------
[2022-05-07 13:19:22Z INFO ConfigurationManager] ConfigureAsync
[2022-05-07 13:19:22Z INFO ConfigurationStore] IsConfigured()
[2022-05-07 13:19:22Z INFO ConfigurationStore] IsConfigured: False
[2022-05-07 13:19:22Z INFO ConfigurationManager] Is configured: False
[2022-05-07 13:19:22Z INFO CommandSettings] Arg 'url': 'https://github.com/jerry8hero/action_test'
[2022-05-07 13:19:22Z INFO CommandSettings] Remove url from Arg dictionary.
[2022-05-07 13:19:22Z INFO CommandSettings] Arg 'token': '***'
[2022-05-07 13:19:22Z INFO CommandSettings] Remove token from Arg dictionary.
[2022-05-07 13:19:26Z INFO ConfigurationManager] Http response code: OK from 'POST https://api.github.com/actions/runner-registration'
[2022-05-07 13:19:26Z INFO ConfigurationManager] cred retrieved via GitHub auth
[2022-05-07 13:19:26Z INFO RunnerServer] Establish connection with 100 seconds timeout.
[2022-05-07 13:19:27Z INFO GitHubActionsService] Starting operation Location.GetConnectionData
[2022-05-07 13:19:27Z INFO RunnerServer] Establish connection with 60 seconds timeout.
[2022-05-07 13:19:27Z INFO GitHubActionsService] Starting operation Location.GetConnectionData
[2022-05-07 13:19:27Z INFO RunnerServer] Establish connection with 60 seconds timeout.
[2022-05-07 13:19:27Z INFO GitHubActionsService] Starting operation Location.GetConnectionData
[2022-05-07 13:19:29Z INFO GitHubActionsService] Finished operation Location.GetConnectionData
[2022-05-07 13:19:29Z INFO GitHubActionsService] Finished operation Location.GetConnectionData
[2022-05-07 13:19:30Z INFO GitHubActionsService] Finished operation Location.GetConnectionData
[2022-05-07 13:19:30Z INFO Terminal] WRITE LINE: 
[2022-05-07 13:19:30Z INFO ConfigurationManager] Test Connection complete.
[2022-05-07 13:19:30Z INFO HostContext] Well known directory 'Bin': '/Users/mac/Desktop/workspace/github/x-cmd/action_test/actions-runner/bin'
[2022-05-07 13:19:30Z INFO HostContext] Well known directory 'Root': '/Users/mac/Desktop/workspace/github/x-cmd/action_test/actions-runner'
[2022-05-07 13:19:30Z INFO HostContext] Well known config file 'RSACredentials': '/Users/mac/Desktop/workspace/github/x-cmd/action_test/actions-runner/.credentials_rsaparams'
[2022-05-07 13:19:30Z INFO RSAFileKeyManager] Creating new RSA key using 2048-bit key length
[2022-05-07 13:19:31Z INFO RSAFileKeyManager] Successfully saved RSA key parameters to file /Users/mac/Desktop/workspace/github/x-cmd/action_test/actions-runner/.credentials_rsaparams
[2022-05-07 13:19:31Z INFO RSAFileKeyManager] Which: 'chmod'
[2022-05-07 13:19:31Z INFO RSAFileKeyManager] Location: '/bin/chmod'
[2022-05-07 13:19:31Z INFO HostContext] Well known directory 'Bin': '/Users/mac/Desktop/workspace/github/x-cmd/action_test/actions-runner/bin'
[2022-05-07 13:19:31Z INFO HostContext] Well known directory 'Root': '/Users/mac/Desktop/workspace/github/x-cmd/action_test/actions-runner'
[2022-05-07 13:19:31Z INFO ProcessInvokerWrapper] Starting process:
[2022-05-07 13:19:31Z INFO ProcessInvokerWrapper]   File name: '/bin/chmod'
[2022-05-07 13:19:31Z INFO ProcessInvokerWrapper]   Arguments: '600 /Users/mac/Desktop/workspace/github/x-cmd/action_test/actions-runner/.credentials_rsaparams'
[2022-05-07 13:19:31Z INFO ProcessInvokerWrapper]   Working directory: '/Users/mac/Desktop/workspace/github/x-cmd/action_test/actions-runner'
[2022-05-07 13:19:31Z INFO ProcessInvokerWrapper]   Require exit code zero: 'False'
[2022-05-07 13:19:31Z INFO ProcessInvokerWrapper]   Encoding web name:  ; code page: ''
[2022-05-07 13:19:31Z INFO ProcessInvokerWrapper]   Force kill process on cancellation: 'False'
[2022-05-07 13:19:31Z INFO ProcessInvokerWrapper]   Redirected STDIN: 'False'
[2022-05-07 13:19:31Z INFO ProcessInvokerWrapper]   Persist current code page: 'False'
[2022-05-07 13:19:31Z INFO ProcessInvokerWrapper]   Keep redirected STDIN open: 'False'
[2022-05-07 13:19:31Z INFO ProcessInvokerWrapper]   High priority process: 'False'
[2022-05-07 13:19:31Z INFO ProcessInvokerWrapper] Process started with process id 5313, waiting for process exit.
[2022-05-07 13:19:31Z INFO ProcessInvokerWrapper] STDOUT/STDERR stream read finished.
[2022-05-07 13:19:31Z INFO ProcessInvokerWrapper] STDOUT/STDERR stream read finished.
[2022-05-07 13:19:31Z INFO ProcessInvokerWrapper] Finished process 5313 with exit code 0, and elapsed time 00:00:00.2858379.
[2022-05-07 13:19:31Z INFO RSAFileKeyManager] Successfully set permissions for RSA key parameters file /Users/mac/Desktop/workspace/github/x-cmd/action_test/actions-runner/.credentials_rsaparams
[2022-05-07 13:19:32Z INFO CommandSettings] Arg 'runnergroup': ''
[2022-05-07 13:19:32Z INFO CommandSettings] Flag 'unattended': 'False'
[2022-05-07 13:19:32Z INFO PromptManager] ReadValue
[2022-05-07 13:19:32Z INFO Terminal] WRITE: Enter the name of the runner group to add this runner to: 
[2022-05-07 13:19:32Z INFO Terminal] WRITE: [press Enter for Default] 
[2022-05-07 13:19:32Z INFO Terminal] READ LINE
[2022-05-07 13:19:55Z INFO Terminal] Read value: ''
[2022-05-07 13:19:55Z INFO PromptManager] Falling back to the default: 'Default'
[2022-05-07 13:19:55Z INFO Terminal] WRITE LINE: 
[2022-05-07 13:19:55Z INFO ConfigurationManager] Found a self-hosted runner group with id 1 and name Default
[2022-05-07 13:19:55Z INFO CommandSettings] Flag 'disableupdate': 'False'
[2022-05-07 13:19:55Z INFO CommandSettings] Flag 'ephemeral': 'False'
[2022-05-07 13:19:55Z INFO CommandSettings] Arg 'name': ''
[2022-05-07 13:19:55Z INFO CommandSettings] Flag 'unattended': 'False'
[2022-05-07 13:19:55Z INFO PromptManager] ReadValue
[2022-05-07 13:19:55Z INFO Terminal] WRITE: Enter the name of runner: 
[2022-05-07 13:19:55Z INFO Terminal] WRITE: [press Enter for Bigrice] 
[2022-05-07 13:19:55Z INFO Terminal] READ LINE
[2022-05-07 13:19:57Z INFO Terminal] Read value: ''
[2022-05-07 13:19:57Z INFO PromptManager] Falling back to the default: 'Bigrice'
[2022-05-07 13:19:57Z INFO Terminal] WRITE LINE: 
[2022-05-07 13:19:57Z INFO CommandSettings] Arg 'labels': ''
[2022-05-07 13:19:57Z INFO CommandSettings] Flag 'unattended': 'False'
[2022-05-07 13:19:57Z INFO PromptManager] ReadValue
[2022-05-07 13:19:57Z INFO Terminal] WRITE: This runner will have the following labels: 'self-hosted', 'macOS', 'X64' 
Enter any additional labels (ex. label-1,label-2): 
[2022-05-07 13:19:57Z INFO Terminal] WRITE: [press Enter to skip] 
[2022-05-07 13:19:57Z INFO Terminal] READ LINE
[2022-05-07 13:19:59Z INFO Terminal] Read value: ''
[2022-05-07 13:19:59Z INFO Terminal] WRITE LINE: 
[2022-05-07 13:19:59Z INFO CommandSettings] Flag 'disableupdate': 'False'
[2022-05-07 13:20:00Z INFO CommandSettings] Flag 'disableupdate': 'False'
[2022-05-07 13:20:00Z INFO CommandSettings] Flag 'ephemeral': 'False'
[2022-05-07 13:20:00Z INFO ConfigurationStore] Saving OAuth credential @ /Users/mac/Desktop/workspace/github/x-cmd/action_test/actions-runner/.credentials
[2022-05-07 13:20:00Z INFO ConfigurationStore] Credentials Saved.
[2022-05-07 13:20:00Z INFO ConfigurationStore] HasCredentials()
[2022-05-07 13:20:00Z INFO ConfigurationStore] stored True
[2022-05-07 13:20:00Z INFO CredentialManager] GetCredentialProvider
[2022-05-07 13:20:00Z INFO CredentialManager] Creating type OAuth
[2022-05-07 13:20:00Z INFO CredentialManager] Creating credential type: OAuth
[2022-05-07 13:20:00Z INFO RSAFileKeyManager] Loading RSA key parameters from file /Users/mac/Desktop/workspace/github/x-cmd/action_test/actions-runner/.credentials_rsaparams
[2022-05-07 13:20:00Z INFO RunnerServer] Establish connection with 100 seconds timeout.
[2022-05-07 13:20:00Z INFO GitHubActionsService] Starting operation Location.GetConnectionData
[2022-05-07 13:20:00Z INFO RunnerServer] Establish connection with 60 seconds timeout.
[2022-05-07 13:20:00Z INFO GitHubActionsService] Starting operation Location.GetConnectionData
[2022-05-07 13:20:00Z INFO RunnerServer] Establish connection with 60 seconds timeout.
[2022-05-07 13:20:00Z INFO GitHubActionsService] Starting operation Location.GetConnectionData
[2022-05-07 13:20:01Z INFO GitHubActionsService] Finished operation Location.GetConnectionData
[2022-05-07 13:20:01Z INFO GitHubActionsService] Finished operation Location.GetConnectionData
[2022-05-07 13:20:02Z INFO GitHubActionsService] Finished operation Location.GetConnectionData
[2022-05-07 13:20:02Z WARN GitHubActionsService] Authentication failed with status code 401.
Transfer-Encoding: chunked
WWW-Authenticate: Bearer
Strict-Transport-Security: max-age=2592000
X-TFS-ProcessId: 044b260a-101b-42d2-a699-615c494cb527
ActivityId: af8714d8-aabc-4841-b3f7-2b783a91ff42
X-TFS-Session: b4f84b88-2b66-4782-811f-c5d54c7eba71
X-VSS-E2EID: ac1d1c58-6beb-40be-b89f-3409064e57fb
X-VSS-SenderDeploymentId: 63be6134-28d1-8c82-e969-91f4e88fcdec
X-TFS-ServiceError: The+user+%27System%3aPublicAccess%3baaaaaaaa-aaaa-aaaa-aaaa-aaaaaaaaaaaa%27+is+not+authorized+to+access+this+resource.
X-VSS-S2STargetService: 0000005A-0000-8888-8000-000000000000/visualstudio.com
X-Cache: CONFIG_NOCACHE
X-MSEdge-Ref: Ref A: 1B43A85AFF9040FD98697EDEA6E6A802 Ref B: TYBEDGE0816 Ref C: 2022-05-07T13:20:02Z
Date: Sat, 07 May 2022 13:20:02 GMT

[2022-05-07 13:20:02Z INFO RSAFileKeyManager] Loading RSA key parameters from file /Users/mac/Desktop/workspace/github/x-cmd/action_test/actions-runner/.credentials_rsaparams
[2022-05-07 13:20:02Z INFO RSAFileKeyManager] Loading RSA key parameters from file /Users/mac/Desktop/workspace/github/x-cmd/action_test/actions-runner/.credentials_rsaparams
[2022-05-07 13:20:04Z INFO GitHubActionsService] AAD Correlation ID for this token request: Unknown
[2022-05-07 13:20:04Z INFO CommandSettings] Arg 'work': ''
[2022-05-07 13:20:04Z INFO CommandSettings] Flag 'unattended': 'False'
[2022-05-07 13:20:04Z INFO PromptManager] ReadValue
[2022-05-07 13:20:04Z INFO Terminal] WRITE: Enter name of work folder: 
[2022-05-07 13:20:04Z INFO Terminal] WRITE: [press Enter for _work] 
[2022-05-07 13:20:04Z INFO Terminal] READ LINE
[2022-05-07 13:20:06Z INFO Terminal] Read value: ''
[2022-05-07 13:20:06Z INFO PromptManager] Falling back to the default: '_work'
[2022-05-07 13:20:06Z INFO ConfigurationStore] Saving runner settings.
[2022-05-07 13:20:06Z INFO ConfigurationStore] Settings Saved.
[2022-05-07 13:20:06Z INFO Terminal] WRITE LINE: 
[2022-05-07 13:20:06Z INFO Terminal] WRITE LINE: 
[2022-05-07 13:20:06Z INFO OsxServiceControlManager] Service name 'actions.runner.jerry8hero-action_test.Bigrice' display name 'GitHub Actions Runner (jerry8hero-action_test.Bigrice)' will be used for service configuration.
[2022-05-07 13:20:06Z INFO HostContext] Well known directory 'Bin': '/Users/mac/Desktop/workspace/github/x-cmd/action_test/actions-runner/bin'
[2022-05-07 13:20:06Z INFO HostContext] Well known directory 'Root': '/Users/mac/Desktop/workspace/github/x-cmd/action_test/actions-runner'
[2022-05-07 13:20:06Z INFO HostContext] Well known directory 'Bin': '/Users/mac/Desktop/workspace/github/x-cmd/action_test/actions-runner/bin'
[2022-05-07 13:20:06Z INFO HostContext] Well known directory 'Bin': '/Users/mac/Desktop/workspace/github/x-cmd/action_test/actions-runner/bin'
[2022-05-07 13:20:06Z INFO HostContext] Well known directory 'Root': '/Users/mac/Desktop/workspace/github/x-cmd/action_test/actions-runner'
[2022-05-07 13:20:06Z INFO UnixUtil] Which: 'chmod'
[2022-05-07 13:20:06Z INFO UnixUtil] Location: '/bin/chmod'
[2022-05-07 13:20:06Z INFO UnixUtil] Running /bin/chmod 755 "/Users/mac/Desktop/workspace/github/x-cmd/action_test/actions-runner/svc.sh"
[2022-05-07 13:20:06Z INFO ProcessInvokerWrapper] Starting process:
[2022-05-07 13:20:06Z INFO ProcessInvokerWrapper]   File name: '/bin/chmod'
[2022-05-07 13:20:06Z INFO ProcessInvokerWrapper]   Arguments: '755 "/Users/mac/Desktop/workspace/github/x-cmd/action_test/actions-runner/svc.sh"'
[2022-05-07 13:20:06Z INFO ProcessInvokerWrapper]   Working directory: '/Users/mac/Desktop/workspace/github/x-cmd/action_test/actions-runner'
[2022-05-07 13:20:06Z INFO ProcessInvokerWrapper]   Require exit code zero: 'True'
[2022-05-07 13:20:06Z INFO ProcessInvokerWrapper]   Encoding web name:  ; code page: ''
[2022-05-07 13:20:06Z INFO ProcessInvokerWrapper]   Force kill process on cancellation: 'False'
[2022-05-07 13:20:06Z INFO ProcessInvokerWrapper]   Redirected STDIN: 'False'
[2022-05-07 13:20:06Z INFO ProcessInvokerWrapper]   Persist current code page: 'False'
[2022-05-07 13:20:06Z INFO ProcessInvokerWrapper]   Keep redirected STDIN open: 'False'
[2022-05-07 13:20:06Z INFO ProcessInvokerWrapper]   High priority process: 'False'
[2022-05-07 13:20:06Z INFO ProcessInvokerWrapper] Process started with process id 5451, waiting for process exit.
[2022-05-07 13:20:06Z INFO ProcessInvokerWrapper] STDOUT/STDERR stream read finished.
[2022-05-07 13:20:06Z INFO ProcessInvokerWrapper] STDOUT/STDERR stream read finished.
[2022-05-07 13:20:06Z INFO ProcessInvokerWrapper] Finished process 5451 with exit code 0, and elapsed time 00:00:00.0180753.
[2022-05-07 13:20:06Z INFO Listener] Runner execution has finished with return code 0
